<?xml version="1.0" encoding="UTF-8"?>
<testsuite xmlns:xsi="http://www.w3.org/2001/XMLSchema-instance" xsi:noNamespaceSchemaLocation="https://maven.apache.org/surefire/maven-surefire-plugin/xsd/surefire-test-report.xsd" name="com.techreturners.cats.CatTest" time="0.05" tests="9" errors="0" skipped="0" failures="0">
  <properties>
[...]
</properties>
  <testcase name="checkCatHeight" classname="com.techreturners.cats.CatTest" time="0.005"/>
  <testcase name="checkCatSetting" classname="com.techreturners.cats.CatTest" time="0"/>
  <testcase name="feedTheLion" classname="com.techreturners.cats.CatTest" time="0.004"/>
  <testcase name="checkCatIsAwake" classname="com.techreturners.cats.CatTest" time="0"/>
  <testcase name="checkCatCanWakep" classname="com.techreturners.cats.CatTest" time="0"/>
  <testcase name="checkCatCanGoToSleep" classname="com.techreturners.cats.CatTest" time="0"/>
  <testcase name="feedTheCat" classname="com.techreturners.cats.CatTest" time="0"/>
  <testcase name="feedTheCheetah" classname="com.techreturners.cats.CatTest" time="0"/>
  <testcase name="checkLionHeight" classname="com.techreturners.cats.CatTest" time="0"/>
</testsuite>